<?xml version="1.0" encoding="UTF-8"?>
<!-- Generated by org.testng.reporters.JUnitReportReporter -->
<testsuite hostname="DESKTOP-4D7QFBF" failures="0" tests="2" name="Test.Evernote.Login" time="80.369" errors="0" timestamp="2021-07-03T13:38:30 EET" skipped="0">
  <testcase classname="Test.Evernote.Login" name="LoginWithNoCredentials" time="6.741"/>
  <system-out/>
  <testcase classname="Test.Evernote.Login" name="LoginFunc" time="73.628"/>
  <system-out/>
</testsuite> <!-- Test.Evernote.Login -->
